mode: set
github.com/kahoon/machine/actions.go:49.82,50.16 1 1
github.com/kahoon/machine/actions.go:50.16,52.3 1 1
github.com/kahoon/machine/actions.go:53.2,53.14 1 1
github.com/kahoon/machine/actions.go:53.14,55.3 1 1
github.com/kahoon/machine/actions.go:56.2,56.16 1 1
github.com/kahoon/machine/actions.go:56.16,58.3 1 1
github.com/kahoon/machine/actions.go:59.2,59.44 1 1
github.com/kahoon/machine/actions.go:59.44,61.3 1 1
github.com/kahoon/machine/actions.go:63.2,64.34 2 1
github.com/kahoon/machine/actions.go:64.34,66.3 1 1
github.com/kahoon/machine/actions.go:68.2,70.55 1 1
github.com/kahoon/machine/actions.go:70.55,72.21 2 1
github.com/kahoon/machine/actions.go:72.21,74.5 1 1
github.com/kahoon/machine/actions.go:76.4,76.17 1 1
github.com/kahoon/machine/actions.go:76.17,77.49 1 1
github.com/kahoon/machine/actions.go:77.49,79.6 1 1
github.com/kahoon/machine/actions.go:82.4,83.18 2 1
github.com/kahoon/machine/actions.go:83.18,85.5 1 1
github.com/kahoon/machine/actions.go:86.4,86.57 1 1
github.com/kahoon/machine/actions.go:86.57,88.5 1 1
github.com/kahoon/machine/actions.go:89.4,89.22 1 1
github.com/kahoon/machine/actions.go:91.69,93.11 2 1
github.com/kahoon/machine/actions.go:93.11,95.5 1 1
github.com/kahoon/machine/actions.go:96.4,99.6 1 1
github.com/kahoon/machine/actions.go:103.2,103.12 1 1
github.com/kahoon/machine/actions.go:107.80,108.53 1 1
github.com/kahoon/machine/actions.go:108.53,109.13 1 1
github.com/kahoon/machine/actions.go:141.103,158.28 3 1
github.com/kahoon/machine/actions.go:158.28,159.51 1 1
github.com/kahoon/machine/actions.go:159.51,161.4 1 1
github.com/kahoon/machine/actions.go:164.2,164.15 1 1
github.com/kahoon/machine/actions.go:167.41,169.2 1 1
github.com/kahoon/machine/actions.go:171.41,173.2 1 1
github.com/kahoon/machine/actions.go:175.40,177.2 1 1
github.com/kahoon/machine/actions.go:179.39,181.2 1 1
github.com/kahoon/machine/actions.go:183.57,184.21 1 1
github.com/kahoon/machine/actions.go:184.21,186.3 1 1
github.com/kahoon/machine/actions.go:187.2,187.22 1 1
github.com/kahoon/machine/compile.go:23.62,24.16 1 1
github.com/kahoon/machine/compile.go:24.16,26.3 1 1
github.com/kahoon/machine/compile.go:27.2,27.23 1 1
github.com/kahoon/machine/compile.go:27.23,29.3 1 1
github.com/kahoon/machine/compile.go:30.2,30.26 1 1
github.com/kahoon/machine/compile.go:30.26,32.3 1 1
github.com/kahoon/machine/compile.go:33.2,33.26 1 1
github.com/kahoon/machine/compile.go:33.26,35.3 1 1
github.com/kahoon/machine/compile.go:36.2,36.26 1 1
github.com/kahoon/machine/compile.go:36.26,38.3 1 1
github.com/kahoon/machine/compile.go:40.2,41.16 2 1
github.com/kahoon/machine/compile.go:41.16,43.3 1 1
github.com/kahoon/machine/compile.go:45.2,46.31 2 1
github.com/kahoon/machine/compile.go:46.31,48.3 1 1
github.com/kahoon/machine/compile.go:49.2,53.36 4 1
github.com/kahoon/machine/compile.go:53.36,57.3 3 1
github.com/kahoon/machine/compile.go:59.2,60.9 2 1
github.com/kahoon/machine/compile.go:60.9,62.3 1 1
github.com/kahoon/machine/compile.go:64.2,64.39 1 1
github.com/kahoon/machine/compile.go:64.39,66.37 2 1
github.com/kahoon/machine/compile.go:66.37,67.12 1 1
github.com/kahoon/machine/compile.go:70.3,73.56 3 1
github.com/kahoon/machine/compile.go:73.56,75.18 2 1
github.com/kahoon/machine/compile.go:75.18,77.5 1 1
github.com/kahoon/machine/compile.go:78.4,78.44 1 1
github.com/kahoon/machine/compile.go:78.44,80.5 1 1
github.com/kahoon/machine/compile.go:81.4,84.11 3 1
github.com/kahoon/machine/compile.go:84.11,86.5 1 1
github.com/kahoon/machine/compile.go:88.4,89.60 2 1
github.com/kahoon/machine/compile.go:89.60,91.19 2 1
github.com/kahoon/machine/compile.go:91.19,93.6 1 1
github.com/kahoon/machine/compile.go:94.5,94.38 1 1
github.com/kahoon/machine/compile.go:97.4,101.6 1 1
github.com/kahoon/machine/compile.go:104.3,104.55 1 1
github.com/kahoon/machine/compile.go:107.2,115.8 1 1
github.com/kahoon/machine/compile.go:118.94,123.29 4 1
github.com/kahoon/machine/compile.go:123.29,124.21 1 1
github.com/kahoon/machine/compile.go:124.21,126.4 1 1
github.com/kahoon/machine/compile.go:127.3,127.62 1 1
github.com/kahoon/machine/compile.go:127.62,129.4 1 1
github.com/kahoon/machine/compile.go:130.3,130.44 1 1
github.com/kahoon/machine/compile.go:130.44,132.4 1 1
github.com/kahoon/machine/compile.go:134.3,139.32 3 1
github.com/kahoon/machine/compile.go:139.32,141.4 1 1
github.com/kahoon/machine/compile.go:141.9,143.4 1 1
github.com/kahoon/machine/compile.go:146.2,146.41 1 1
github.com/kahoon/machine/compile.go:149.85,150.21 1 1
github.com/kahoon/machine/compile.go:150.21,152.3 1 1
github.com/kahoon/machine/compile.go:154.2,155.29 2 1
github.com/kahoon/machine/compile.go:155.29,157.10 2 1
github.com/kahoon/machine/compile.go:157.10,159.4 1 1
github.com/kahoon/machine/compile.go:160.3,160.35 1 1
github.com/kahoon/machine/compile.go:162.2,162.18 1 1
github.com/kahoon/machine/compile.go:165.42,167.2 1 1
github.com/kahoon/machine/compile.go:169.55,171.2 1 1
github.com/kahoon/machine/compile.go:173.109,175.20 2 1
github.com/kahoon/machine/compile.go:175.20,177.3 1 1
github.com/kahoon/machine/compile.go:178.2,178.25 1 1
github.com/kahoon/machine/compile.go:178.25,180.3 1 1
github.com/kahoon/machine/compile.go:181.2,181.23 1 1
github.com/kahoon/machine/compile.go:181.23,183.3 1 1
github.com/kahoon/machine/compile.go:184.2,184.16 1 1
github.com/kahoon/machine/compile.go:184.16,186.3 1 1
github.com/kahoon/machine/compile.go:188.2,188.20 1 1
github.com/kahoon/machine/compile.go:188.20,189.27 1 1
github.com/kahoon/machine/compile.go:189.27,191.4 1 1
github.com/kahoon/machine/compile.go:192.3,193.10 2 1
github.com/kahoon/machine/compile.go:193.10,195.4 1 1
github.com/kahoon/machine/compile.go:196.3,197.17 2 1
github.com/kahoon/machine/compile.go:197.17,199.4 1 1
github.com/kahoon/machine/compile.go:200.3,206.9 1 1
github.com/kahoon/machine/compile.go:208.2,208.25 1 1
github.com/kahoon/machine/compile.go:208.25,209.83 1 1
github.com/kahoon/machine/compile.go:209.83,211.4 1 1
github.com/kahoon/machine/compile.go:212.3,213.17 2 1
github.com/kahoon/machine/compile.go:213.17,215.4 1 1
github.com/kahoon/machine/compile.go:216.3,217.10 2 1
github.com/kahoon/machine/compile.go:217.10,219.4 1 1
github.com/kahoon/machine/compile.go:220.3,220.34 1 1
github.com/kahoon/machine/compile.go:220.34,222.4 1 1
github.com/kahoon/machine/compile.go:223.3,229.9 1 1
github.com/kahoon/machine/compile.go:231.2,231.25 1 1
github.com/kahoon/machine/compile.go:231.25,233.3 1 1
github.com/kahoon/machine/compile.go:234.2,238.8 1 1
github.com/kahoon/machine/definition.go:14.44,16.2 1 1
github.com/kahoon/machine/definition.go:46.44,47.14 1 1
github.com/kahoon/machine/definition.go:47.14,49.3 1 1
github.com/kahoon/machine/definition.go:50.2,50.32 1 1
github.com/kahoon/machine/definition.go:53.51,55.2 1 1
github.com/kahoon/machine/definition.go:57.54,59.2 1 1
github.com/kahoon/machine/definition.go:61.83,62.21 1 1
github.com/kahoon/machine/definition.go:62.21,64.3 1 1
github.com/kahoon/machine/definition.go:66.2,67.29 2 1
github.com/kahoon/machine/definition.go:67.29,69.10 2 1
github.com/kahoon/machine/definition.go:69.10,71.4 1 1
github.com/kahoon/machine/definition.go:72.3,72.25 1 1
github.com/kahoon/machine/definition.go:72.25,74.4 1 1
github.com/kahoon/machine/definition.go:75.3,75.35 1 1
github.com/kahoon/machine/definition.go:77.2,77.18 1 1
github.com/kahoon/machine/engine.go:57.37,58.33 1 1
github.com/kahoon/machine/engine.go:58.33,60.3 1 1
github.com/kahoon/machine/engine.go:64.58,65.33 1 1
github.com/kahoon/machine/engine.go:65.33,68.3 2 1
github.com/kahoon/machine/engine.go:72.47,73.33 1 1
github.com/kahoon/machine/engine.go:73.33,75.3 1 1
github.com/kahoon/machine/engine.go:79.65,80.33 1 1
github.com/kahoon/machine/engine.go:80.33,83.3 2 1
github.com/kahoon/machine/engine.go:108.61,109.16 1 1
github.com/kahoon/machine/engine.go:109.16,111.3 1 1
github.com/kahoon/machine/engine.go:113.2,119.27 2 1
github.com/kahoon/machine/engine.go:119.27,121.3 1 1
github.com/kahoon/machine/engine.go:122.2,122.25 1 1
github.com/kahoon/machine/engine.go:122.25,124.3 1 1
github.com/kahoon/machine/engine.go:126.2,127.16 2 1
github.com/kahoon/machine/engine.go:127.16,129.3 1 1
github.com/kahoon/machine/engine.go:130.2,131.16 2 1
github.com/kahoon/machine/engine.go:131.16,133.3 1 1
github.com/kahoon/machine/engine.go:135.2,136.38 2 1
github.com/kahoon/machine/engine.go:140.87,141.16 1 1
github.com/kahoon/machine/engine.go:141.16,143.3 1 1
github.com/kahoon/machine/engine.go:145.2,151.27 2 1
github.com/kahoon/machine/engine.go:151.27,153.3 1 1
github.com/kahoon/machine/engine.go:154.2,154.18 1 1
github.com/kahoon/machine/engine.go:154.18,156.3 1 1
github.com/kahoon/machine/engine.go:157.2,157.19 1 1
github.com/kahoon/machine/engine.go:157.19,159.3 1 1
github.com/kahoon/machine/engine.go:160.2,160.17 1 1
github.com/kahoon/machine/engine.go:160.17,162.3 1 1
github.com/kahoon/machine/engine.go:164.2,178.15 4 1
github.com/kahoon/machine/engine.go:182.30,186.2 3 1
github.com/kahoon/machine/engine.go:189.33,193.2 3 1
github.com/kahoon/machine/engine.go:196.67,198.16 2 1
github.com/kahoon/machine/engine.go:198.16,200.3 1 1
github.com/kahoon/machine/engine.go:201.2,205.4 1 1
github.com/kahoon/machine/engine.go:209.48,211.16 2 1
github.com/kahoon/machine/engine.go:211.16,213.3 1 1
github.com/kahoon/machine/engine.go:214.2,214.28 1 1
github.com/kahoon/machine/engine.go:218.69,219.15 1 1
github.com/kahoon/machine/engine.go:219.15,221.3 1 1
github.com/kahoon/machine/engine.go:222.2,222.31 1 1
github.com/kahoon/machine/engine.go:222.31,224.3 1 1
github.com/kahoon/machine/engine.go:225.2,229.4 1 1
github.com/kahoon/machine/engine.go:233.50,234.44 1 1
github.com/kahoon/machine/engine.go:234.44,236.3 1 1
github.com/kahoon/machine/engine.go:238.2,238.9 1 1
github.com/kahoon/machine/engine.go:239.22,240.15 1 1
github.com/kahoon/machine/engine.go:241.10,241.10 0 1
github.com/kahoon/machine/engine.go:244.2,244.9 1 1
github.com/kahoon/machine/engine.go:245.54,246.14 1 1
github.com/kahoon/machine/engine.go:247.10,248.15 1 1
github.com/kahoon/machine/engine.go:253.66,255.16 2 1
github.com/kahoon/machine/engine.go:255.16,257.3 1 1
github.com/kahoon/machine/engine.go:258.2,262.4 1 1
github.com/kahoon/machine/engine.go:266.68,268.16 2 1
github.com/kahoon/machine/engine.go:268.16,270.3 1 1
github.com/kahoon/machine/engine.go:271.2,275.4 1 1
github.com/kahoon/machine/engine.go:279.73,281.16 2 1
github.com/kahoon/machine/engine.go:281.16,283.3 1 1
github.com/kahoon/machine/engine.go:284.2,285.16 2 1
github.com/kahoon/machine/engine.go:285.16,287.3 1 1
github.com/kahoon/machine/engine.go:288.2,288.36 1 1
github.com/kahoon/machine/engine.go:288.36,290.3 1 1
github.com/kahoon/machine/engine.go:291.2,291.28 1 1
github.com/kahoon/machine/engine.go:291.28,293.3 1 1
github.com/kahoon/machine/engine.go:294.2,299.4 1 1
github.com/kahoon/machine/engine.go:302.75,303.21 1 1
github.com/kahoon/machine/engine.go:303.21,305.3 1 1
github.com/kahoon/machine/engine.go:306.2,306.46 1 1
github.com/kahoon/machine/engine.go:310.54,312.27 2 1
github.com/kahoon/machine/engine.go:312.27,314.3 1 1
github.com/kahoon/machine/engine.go:315.2,315.9 1 1
github.com/kahoon/machine/engine.go:316.16,317.86 1 1
github.com/kahoon/machine/engine.go:317.86,319.4 1 1
github.com/kahoon/machine/engine.go:320.3,320.13 1 1
github.com/kahoon/machine/engine.go:321.20,322.19 1 1
github.com/kahoon/machine/engine.go:327.51,329.2 1 1
github.com/kahoon/machine/engine.go:331.60,332.23 1 1
github.com/kahoon/machine/engine.go:332.23,334.3 1 1
github.com/kahoon/machine/engine.go:336.2,336.32 1 1
github.com/kahoon/machine/engine.go:336.32,337.10 1 1
github.com/kahoon/machine/engine.go:338.22,339.31 1 1
github.com/kahoon/machine/engine.go:340.11,341.26 1 1
github.com/kahoon/machine/engine.go:345.2,345.9 1 1
github.com/kahoon/machine/engine.go:346.21,347.30 1 1
github.com/kahoon/machine/engine.go:348.20,349.19 1 1
github.com/kahoon/machine/engine.go:353.67,354.9 1 1
github.com/kahoon/machine/engine.go:355.21,356.13 1 1
github.com/kahoon/machine/engine.go:357.20,358.19 1 1
github.com/kahoon/machine/engine.go:362.25,366.6 3 1
github.com/kahoon/machine/engine.go:366.6,367.63 1 1
github.com/kahoon/machine/engine.go:367.63,370.4 2 1
github.com/kahoon/machine/engine.go:372.3,373.21 2 1
github.com/kahoon/machine/engine.go:373.21,376.4 2 1
github.com/kahoon/machine/engine.go:376.9,377.11 1 1
github.com/kahoon/machine/engine.go:378.24,378.24 0 1
github.com/kahoon/machine/engine.go:379.24,380.26 1 1
github.com/kahoon/machine/engine.go:380.26,383.6 2 1
github.com/kahoon/machine/engine.go:387.3,387.18 1 1
github.com/kahoon/machine/engine.go:388.18,390.26 2 1
github.com/kahoon/machine/engine.go:391.19,395.8 3 1
github.com/kahoon/machine/engine.go:395.8,396.12 1 1
github.com/kahoon/machine/engine.go:397.28,398.33 1 1
github.com/kahoon/machine/engine.go:398.33,402.21 4 1
github.com/kahoon/machine/engine.go:404.6,405.46 2 1
github.com/kahoon/machine/engine.go:406.13,409.20 3 1
github.com/kahoon/machine/engine.go:418.92,424.2 5 1
github.com/kahoon/machine/engine.go:426.52,431.2 4 1
github.com/kahoon/machine/engine.go:433.66,440.2 6 1
github.com/kahoon/machine/engine.go:442.61,446.49 3 1
github.com/kahoon/machine/engine.go:446.49,447.54 1 1
github.com/kahoon/machine/engine.go:447.54,448.12 1 1
github.com/kahoon/machine/engine.go:451.3,454.45 4 1
github.com/kahoon/machine/engine.go:454.45,456.4 1 1
github.com/kahoon/machine/engine.go:457.3,457.17 1 1
github.com/kahoon/machine/engine.go:460.2,460.12 1 1
github.com/kahoon/machine/engine.go:463.57,464.23 1 1
github.com/kahoon/machine/engine.go:464.23,466.3 1 1
github.com/kahoon/machine/engine.go:467.2,467.47 1 1
github.com/kahoon/machine/engine.go:470.53,471.17 1 1
github.com/kahoon/machine/engine.go:471.17,473.3 1 1
github.com/kahoon/machine/engine.go:474.2,475.13 2 1
github.com/kahoon/machine/engine.go:478.64,479.33 1 1
github.com/kahoon/machine/engine.go:479.33,481.3 1 1
github.com/kahoon/machine/engine.go:484.54,485.17 1 1
github.com/kahoon/machine/engine.go:485.17,487.3 1 1
github.com/kahoon/machine/engine.go:488.2,488.27 1 1
github.com/kahoon/machine/engine.go:495.72,496.15 1 1
github.com/kahoon/machine/engine.go:496.15,500.3 1 1
github.com/kahoon/machine/engine.go:501.2,501.56 1 1
github.com/kahoon/machine/engine.go:504.58,505.30 1 1
github.com/kahoon/machine/engine.go:505.30,507.3 1 1
github.com/kahoon/machine/engine.go:508.2,508.30 1 1
github.com/kahoon/machine/engine.go:511.100,512.33 1 1
github.com/kahoon/machine/engine.go:512.33,514.24 2 1
github.com/kahoon/machine/engine.go:515.18,516.79 1 1
github.com/kahoon/machine/engine.go:516.79,518.5 1 1
github.com/kahoon/machine/engine.go:519.23,520.103 1 1
github.com/kahoon/machine/engine.go:520.103,522.5 1 1
github.com/kahoon/machine/engine.go:523.21,524.44 1 1
github.com/kahoon/machine/engine.go:527.2,527.12 1 1
github.com/kahoon/machine/engine.go:530.63,532.2 1 1
github.com/kahoon/machine/executor.go:12.77,14.2 1 1
github.com/kahoon/machine/registry.go:9.30,13.2 1 1
github.com/kahoon/machine/source.go:22.44,24.2 1 1
github.com/kahoon/machine/source.go:27.35,29.2 1 1
github.com/kahoon/machine/source.go:32.40,36.41 4 1
github.com/kahoon/machine/source.go:36.41,38.3 1 1
github.com/kahoon/machine/source.go:39.2,39.17 1 1
github.com/kahoon/machine/source.go:43.44,45.16 2 1
github.com/kahoon/machine/source.go:45.16,47.3 1 1
github.com/kahoon/machine/source.go:48.2,49.16 2 1
